
> civic-app@0.1.0 build
> next build

▲ Next.js 16.1.6 (Turbopack)
- Environments: .env

  Creating an optimized production build ...
✓ Compiled successfully in 9.6s
  Running TypeScript ...
  Collecting page data using 3 workers ...
Error: Failed to collect configuration for /admin
    at ignore-listed frames {
  [cause]: Error [PrismaClientConstructorValidationError]: Using engine type "client" requires either "adapter" or "accelerateUrl" to be provided to PrismaClient constructor.
  Read more at https://pris.ly/d/client-constructor
      at <unknown> (.next/server/chunks/ssr/[root-of-the-server]__698e4664._.js:67:2374)
      at new b (.next/server/chunks/ssr/[root-of-the-server]__698e4664._.js:67:2500)
      at module evaluation (.next/server/chunks/ssr/[root-of-the-server]__698e4664._.js:96:359)
      at instantiateModule (.next/server/chunks/ssr/[turbopack]_runtime.js:740:9)
      at getOrInstantiateModuleFromParent (.next/server/chunks/ssr/[turbopack]_runtime.js:763:12)
      at Context.esmImport [as i] (.next/server/chunks/ssr/[turbopack]_runtime.js:228:20)
      at module evaluation (.next/server/chunks/ssr/[root-of-the-server]__19c323f9._.js:1:1323)
      at instantiateModule (.next/server/chunks/ssr/[turbopack]_runtime.js:740:9)
      at getOrInstantiateModuleFromParent (.next/server/chunks/ssr/[turbopack]_runtime.js:763:12)
      at Context.esmImport [as i] (.next/server/chunks/ssr/[turbopack]_runtime.js:228:20)
}

> Build error occurred
Error: Failed to collect page data for /admin
    at ignore-listed frames {
  type: 'Error'
}
